<?xml version="1.0" encoding="UTF-8"?>
<!-- Generated by org.testng.reporters.JUnitReportReporter -->
<testsuite hostname="DELL3400" failures="0" tests="3" name="simplepackage.Simple_login" time="0.009" errors="0" timestamp="2025-07-22T17:08:36 IST" skipped="0">
  <testcase classname="simplepackage.Simple_login" name="register" time="0.007"/>
  <testcase classname="simplepackage.Simple_login" name="logout" time="0.001"/>
  <testcase classname="simplepackage.Simple_login" name="login" time="0.001"/>
</testsuite> <!-- simplepackage.Simple_login -->
