<?xml version="1.0" encoding="UTF-8"?>
<!-- Generated by org.testng.reporters.JUnitReportReporter -->
<testsuite hostname="DELL3400" failures="0" tests="1" name="simplepackage.Shadow_root" time="12.623" errors="0" timestamp="2025-08-11T13:28:59 IST" skipped="0">
  <testcase classname="simplepackage.Shadow_root" name="Airline" time="12.623"/>
</testsuite> <!-- simplepackage.Shadow_root -->
