<?xml version="1.0" encoding="UTF-8"?>
<!-- Generated by org.testng.reporters.JUnitReportReporter -->
<testsuite hostname="DELL3400" failures="0" tests="1" name="simplepackage.Testcase_1" time="0.015" errors="0" timestamp="2025-07-20T18:39:04 IST" skipped="0">
  <testcase classname="simplepackage.Testcase_1" name="login_serching_cart_logout" time="0.015"/>
</testsuite> <!-- simplepackage.Testcase_1 -->
