<?xml version="1.0" encoding="UTF-8"?>
<!-- Generated by org.testng.reporters.JUnitReportReporter -->
<testsuite hostname="DELL3400" failures="0" tests="1" name="simplepackage.Test2" time="1.536" errors="0" timestamp="2025-07-24T22:43:46 IST" skipped="0">
  <testcase classname="simplepackage.Test2" name="Test23" time="1.536"/>
</testsuite> <!-- simplepackage.Test2 -->
