<?xml version="1.0" encoding="UTF-8"?>
<!-- Generated by org.testng.reporters.JUnitReportReporter -->
<testsuite hostname="DELL3400" failures="0" tests="1" name="simplepackage.Test2" time="1.639" errors="0" timestamp="2025-07-20T13:53:49 IST" skipped="0">
  <testcase classname="simplepackage.Test2" name="Test23" time="1.639"/>
</testsuite> <!-- simplepackage.Test2 -->
