<?xml version="1.0" encoding="UTF-8"?>
<!-- Generated by org.testng.reporters.JUnitReportReporter -->
<testsuite hostname="DELL3400" failures="0" tests="2" name="skip_testcase.Skip_program" time="0.010" errors="0" timestamp="2025-08-10T16:49:42 IST" skipped="0">
  <testcase classname="skip_testcase.Skip_program" name="login" time="0.007"/>
  <testcase classname="skip_testcase.Skip_program" name="logout" time="0.003"/>
</testsuite> <!-- skip_testcase.Skip_program -->
