<?xml version="1.0" encoding="UTF-8"?>
<!-- Generated by org.testng.reporters.JUnitReportReporter -->
<testsuite hostname="DELL3400" failures="0" tests="1" name="simplepackage.TestAnnotation" time="0.013" errors="0" timestamp="2025-07-20T14:53:13 IST" skipped="0">
  <testcase classname="simplepackage.TestAnnotation" name="XY" time="0.013"/>
</testsuite> <!-- simplepackage.TestAnnotation -->
