<?xml version="1.0" encoding="UTF-8"?>
<!-- Generated by org.testng.reporters.JUnitReportReporter -->
<testsuite hostname="DELL3400" failures="0" tests="2" name="simplepackage.Test3" time="0.022" errors="0" timestamp="2025-07-23T12:57:20 IST" skipped="0">
  <testcase classname="simplepackage.Test3" name="testcase1" time="0.009"/>
  <testcase classname="simplepackage.Test3" name="testcase2" time="0.013"/>
</testsuite> <!-- simplepackage.Test3 -->
