<?xml version="1.0" encoding="UTF-8"?>
<!-- Generated by org.testng.reporters.JUnitReportReporter -->
<testsuite hostname="DELL3400" failures="0" tests="2" name="simplepackage.Test3" time="0.018" errors="0" timestamp="2025-07-24T22:43:22 IST" skipped="0">
  <testcase classname="simplepackage.Test3" name="testcase1" time="0.008"/>
  <testcase classname="simplepackage.Test3" name="testcase2" time="0.010"/>
</testsuite> <!-- simplepackage.Test3 -->
