<?xml version="1.0" encoding="UTF-8"?>
<!-- Generated by org.testng.reporters.JUnitReportReporter -->
<testsuite hostname="DELL3400" failures="0" tests="1" name="simplepackage.Browser_cross_browser" time="1571.628" errors="0" timestamp="2025-08-10T17:28:23 IST" skipped="0">
  <testcase classname="simplepackage.Browser_cross_browser" name="launch_browser" time="1571.628"/>
</testsuite> <!-- simplepackage.Browser_cross_browser -->
