<?xml version="1.0" encoding="UTF-8"?>
<!-- Generated by org.testng.reporters.JUnitReportReporter -->
<testsuite hostname="DELL3400" failures="0" tests="1" name="simplepackage.Second_case" time="0.009" errors="0" timestamp="2025-07-19T22:18:23 IST" skipped="0">
  <testcase classname="simplepackage.Second_case" name="my" time="0.009"/>
</testsuite> <!-- simplepackage.Second_case -->
