<?xml version="1.0" encoding="UTF-8"?>
<!-- Generated by org.testng.reporters.JUnitReportReporter -->
<testsuite hostname="DELL3400" failures="0" tests="2" name="simplepackage.Grouping" time="0.012" errors="0" timestamp="2025-08-01T13:35:21 IST" skipped="0">
  <testcase classname="simplepackage.Grouping" name="method3" time="0.001"/>
  <testcase classname="simplepackage.Grouping" name="method2" time="0.011"/>
</testsuite> <!-- simplepackage.Grouping -->
