<?xml version="1.0" encoding="UTF-8"?>
<!-- Generated by org.testng.reporters.JUnitReportReporter -->
<testsuite hostname="DELL3400" failures="0" tests="1" name="retrycase.Testcase" time="3.670" errors="0" timestamp="2025-07-31T14:05:58 IST" skipped="0">
  <testcase classname="retrycase.Testcase" name="test1" time="3.670"/>
</testsuite> <!-- retrycase.Testcase -->
