<?xml version="1.0" encoding="UTF-8"?>
<!-- Generated by org.testng.reporters.JUnitReportReporter -->
<testsuite hostname="DELL3400" failures="0" tests="1" name="simplepackage.Browser_cross_browser" time="1.380" errors="0" timestamp="2025-07-20T19:41:32 IST" skipped="0">
  <testcase classname="simplepackage.Browser_cross_browser" name="launch_browser" time="1.380"/>
</testsuite> <!-- simplepackage.Browser_cross_browser -->
