<?xml version="1.0" encoding="UTF-8"?>
<!-- Generated by org.testng.reporters.JUnitReportReporter -->
<testsuite hostname="DELL3400" failures="0" tests="4" name="simplepackage.Login_fb" time="28.140" errors="0" timestamp="2025-07-22T15:35:51 IST" skipped="0">
  <testcase classname="simplepackage.Login_fb" name="log_fb" time="4.639"/>
  <testcase classname="simplepackage.Login_fb" name="log_fb" time="10.128"/>
  <testcase classname="simplepackage.Login_fb" name="log_fb" time="5.588"/>
  <testcase classname="simplepackage.Login_fb" name="log_fb" time="7.785"/>
</testsuite> <!-- simplepackage.Login_fb -->
