<?xml version="1.0" encoding="UTF-8"?>
<!-- Generated by org.testng.reporters.JUnitReportReporter -->
<testsuite hostname="DELL3400" failures="0" tests="3" name="amazonpackage.Testcase2" time="21.317" errors="0" timestamp="2025-07-21T12:41:00 IST" skipped="0">
  <testcase classname="amazonpackage.Testcase2" name="login_serching_logout" time="2.782"/>
  <testcase classname="amazonpackage.Testcase2" name="login_serching_logout" time="3.847"/>
  <testcase classname="amazonpackage.Testcase2" name="login_serching_logout" time="14.688"/>
</testsuite> <!-- amazonpackage.Testcase2 -->
