<?xml version="1.0" encoding="UTF-8"?>
<!-- Generated by org.testng.reporters.JUnitReportReporter -->
<testsuite hostname="DELL3400" failures="0" tests="4" name="simplepackage.Googlesearchwith_Dp" time="25.384" errors="0" timestamp="2025-07-24T22:41:55 IST" skipped="0">
  <testcase classname="simplepackage.Googlesearchwith_Dp" name="Googlesearch" time="3.737"/>
  <testcase classname="simplepackage.Googlesearchwith_Dp" name="Googlesearch" time="7.052"/>
  <testcase classname="simplepackage.Googlesearchwith_Dp" name="Googlesearch" time="9.314"/>
  <testcase classname="simplepackage.Googlesearchwith_Dp" name="Googlesearch" time="5.281"/>
</testsuite> <!-- simplepackage.Googlesearchwith_Dp -->
