<?xml version="1.0" encoding="UTF-8"?>
<!-- Generated by org.testng.reporters.JUnitReportReporter -->
<testsuite hostname="DELL3400" failures="0" tests="1" name="simplepackage.Second_case" time="0.008" errors="0" timestamp="2025-08-07T17:18:40 IST" skipped="0">
  <testcase classname="simplepackage.Second_case" name="my" time="0.008"/>
</testsuite> <!-- simplepackage.Second_case -->
