<?xml version="1.0" encoding="UTF-8"?>
<!-- Generated by org.testng.reporters.JUnitReportReporter -->
<testsuite hostname="DELL3400" failures="0" tests="1" name="listeners_package.Testcase1" time="15.226" errors="0" timestamp="2025-08-01T12:04:34 IST" skipped="0">
  <testcase classname="listeners_package.Testcase1" name="testcase" time="15.226">
    <system-out>
      <![CDATA[Test case is Pass]]>
    </system-out>
  </testcase> <!-- testcase -->
  <system-out>
    <![CDATA[Test case is Pass]]>
  </system-out>
</testsuite> <!-- listeners_package.Testcase1 -->
