<?xml version="1.0" encoding="UTF-8"?>
<!-- Generated by org.testng.reporters.JUnitReportReporter -->
<testsuite hostname="DELL3400" failures="0" tests="10" name="simplepackage.InvokeCount" time="0.024" errors="0" timestamp="2025-08-10T16:59:25 IST" skipped="0">
  <testcase classname="simplepackage.InvokeCount" name="login" time="0.007"/>
  <testcase classname="simplepackage.InvokeCount" name="login" time="0.002"/>
  <testcase classname="simplepackage.InvokeCount" name="login" time="0.002"/>
  <testcase classname="simplepackage.InvokeCount" name="login" time="0.001"/>
  <testcase classname="simplepackage.InvokeCount" name="login" time="0.001"/>
  <testcase classname="simplepackage.InvokeCount" name="login" time="0.002"/>
  <testcase classname="simplepackage.InvokeCount" name="login" time="0.003"/>
  <testcase classname="simplepackage.InvokeCount" name="login" time="0.002"/>
  <testcase classname="simplepackage.InvokeCount" name="login" time="0.002"/>
  <testcase classname="simplepackage.InvokeCount" name="login" time="0.002"/>
</testsuite> <!-- simplepackage.InvokeCount -->
