<?xml version="1.0" encoding="UTF-8"?>
<!-- Generated by org.testng.reporters.JUnitReportReporter -->
<testsuite hostname="DELL3400" failures="0" tests="3" name="amazonpackage.Testcase1" time="27.328" errors="0" timestamp="2025-07-21T12:41:00 IST" skipped="0">
  <testcase classname="amazonpackage.Testcase1" name="login_serching_cart_logout" time="4.818"/>
  <testcase classname="amazonpackage.Testcase1" name="login_serching_cart_logout" time="12.918"/>
  <testcase classname="amazonpackage.Testcase1" name="login_serching_cart_logout" time="9.592"/>
</testsuite> <!-- amazonpackage.Testcase1 -->
