<?xml version="1.0" encoding="UTF-8"?>
<!-- Generated by org.testng.reporters.JUnitReportReporter -->
<testsuite hostname="DELL3400" failures="0" tests="1" name="simplepackage.Gmail_rightclick" time="18.956" errors="0" timestamp="2025-08-10T17:42:50 IST" skipped="0">
  <testcase classname="simplepackage.Gmail_rightclick" name="right" time="18.956"/>
</testsuite> <!-- simplepackage.Gmail_rightclick -->
