<?xml version="1.0" encoding="UTF-8"?>
<!-- Generated by org.testng.reporters.JUnitReportReporter -->
<testsuite hostname="DELL3400" failures="0" tests="1" name="simplepackage.Gmail_doubleclick" time="8.485" errors="0" timestamp="2025-08-07T17:26:18 IST" skipped="0">
  <testcase classname="simplepackage.Gmail_doubleclick" name="my" time="8.485"/>
</testsuite> <!-- simplepackage.Gmail_doubleclick -->
