<?xml version="1.0" encoding="UTF-8"?>
<!-- Generated by org.testng.reporters.JUnitReportReporter -->
<testsuite hostname="DELL3400" failures="0" tests="10" name="simplepackage.Testcase1" time="0.027" errors="0" timestamp="2025-07-20T13:35:34 IST" skipped="0">
  <testcase classname="simplepackage.Testcase1" name="login" time="0.009"/>
  <testcase classname="simplepackage.Testcase1" name="login" time="0.001"/>
  <testcase classname="simplepackage.Testcase1" name="login" time="0.002"/>
  <testcase classname="simplepackage.Testcase1" name="login" time="0.004"/>
  <testcase classname="simplepackage.Testcase1" name="login" time="0.002"/>
  <testcase classname="simplepackage.Testcase1" name="login" time="0.002"/>
  <testcase classname="simplepackage.Testcase1" name="login" time="0.003"/>
  <testcase classname="simplepackage.Testcase1" name="login" time="0.002"/>
  <testcase classname="simplepackage.Testcase1" name="login" time="0.001"/>
  <testcase classname="simplepackage.Testcase1" name="login" time="0.001"/>
</testsuite> <!-- simplepackage.Testcase1 -->
