<?xml version="1.0" encoding="UTF-8"?>
<!-- Generated by org.testng.reporters.JUnitReportReporter -->
<testsuite hostname="DELL3400" failures="0" tests="1" name="simplepackage.Amazon_Right" time="7.013" errors="0" timestamp="2025-08-10T22:38:29 IST" skipped="0">
  <testcase classname="simplepackage.Amazon_Right" name="my" time="7.013"/>
</testsuite> <!-- simplepackage.Amazon_Right -->
