<?xml version="1.0" encoding="UTF-8"?>
<!-- Generated by org.testng.reporters.JUnitReportReporter -->
<testsuite hostname="DELL3400" failures="0" tests="1" name="retrycase.Testcase" time="6.185" errors="0" timestamp="2025-07-24T22:41:13 IST" skipped="0">
  <testcase classname="retrycase.Testcase" name="test1" time="6.185"/>
</testsuite> <!-- retrycase.Testcase -->
