<?xml version="1.0" encoding="UTF-8"?>
<!-- Generated by org.testng.reporters.JUnitReportReporter -->
<testsuite hostname="DELL3400" failures="0" tests="5" name="simplepackage.Grouping_smoke" time="0.011" errors="0" timestamp="2025-08-10T17:01:09 IST" skipped="0">
  <testcase classname="simplepackage.Grouping_smoke" name="method1" time="0.006"/>
  <testcase classname="simplepackage.Grouping_smoke" name="method5" time="0.001"/>
  <testcase classname="simplepackage.Grouping_smoke" name="method2" time="0.001"/>
  <testcase classname="simplepackage.Grouping_smoke" name="method3" time="0.001"/>
  <testcase classname="simplepackage.Grouping_smoke" name="method4" time="0.002"/>
</testsuite> <!-- simplepackage.Grouping_smoke -->
